# JRE version: OpenJDK Runtime Environment Temurin-17.0.6+10 (17.0.6+10) (build 17.0.6+10)
# Java VM: OpenJDK 64-Bit Server VM Temurin-17.0.6+10 (17.0.6+10, mixed mode, tiered, compressed oops, compressed class ptrs, parallel gc, windows-amd64)
GC Precious Log:
 CPUs: 4 total, 4 available
 Memory: 8025M
 Large Page Support: Disabled
 NUMA Support: Disabled
 Compressed Oops: Enabled (32-bit)
 Alignments: Space 512K, Generation 512K, Heap 2M
 Heap Min Capacity: 100M
 Heap Initial Capacity: 100M
 Heap Max Capacity: 1G
 Pre-touch: Disabled
 Parallel Workers: 4
Heap:
 PSYoungGen      total 35328K, used 9721K [0x00000000eab00000, 0x00000000ed700000, 0x0000000100000000)
  eden space 25600K, 0% used [0x00000000eab00000,0x00000000eab00000,0x00000000ec400000)
  from space 9728K, 99% used [0x00000000ec400000,0x00000000ecd7e700,0x00000000ecd80000)
  to   space 9728K, 0% used [0x00000000ecd80000,0x00000000ecd80000,0x00000000ed700000)
 ParOldGen       total 290816K, used 239170K [0x00000000c0000000, 0x00000000d1c00000, 0x00000000eab00000)
  object space 290816K, 82% used [0x00000000c0000000,0x00000000ce990a48,0x00000000d1c00000)
 Metaspace       used 87590K, committed 88960K, reserved 1130496K
  class space    used 9900K, committed 10496K, reserved 1048576K
GC Heap History (20 events):
Event: 131.599 GC heap after
{Heap after GC invocations=475 (full 20):
 PSYoungGen      total 29696K, used 3453K [0x00000000eab00000, 0x00000000eda80000, 0x0000000100000000)
  eden space 26112K, 0% used [0x00000000eab00000,0x00000000eab00000,0x00000000ec480000)
  from space 3584K, 96% used [0x00000000ec480000,0x00000000ec7df680,0x00000000ec800000)
  to   space 9728K, 0% used [0x00000000ed100000,0x00000000ed100000,0x00000000eda80000)
 ParOldGen       total 290816K, used 212935K [0x00000000c0000000, 0x00000000d1c00000, 0x00000000eab00000)
  object space 290816K, 73% used [0x00000000c0000000,0x00000000ccff1de8,0x00000000d1c00000)
 Metaspace       used 83062K, committed 84416K, reserved 1130496K
  class space    used 9529K, committed 10112K, reserved 1048576K
}
Event: 131.751 GC heap before
{Heap before GC invocations=476 (full 20):
 PSYoungGen      total 29696K, used 29541K [0x00000000eab00000, 0x00000000eda80000, 0x0000000100000000)
  eden space 26112K, 99% used [0x00000000eab00000,0x00000000ec47a0b0,0x00000000ec480000)
  from space 3584K, 96% used [0x00000000ec480000,0x00000000ec7df680,0x00000000ec800000)
  to   space 9728K, 0% used [0x00000000ed100000,0x00000000ed100000,0x00000000eda80000)
 ParOldGen       total 290816K, used 212935K [0x00000000c0000000, 0x00000000d1c00000, 0x00000000eab00000)
  object space 290816K, 73% used [0x00000000c0000000,0x00000000ccff1de8,0x00000000d1c00000)
 Metaspace       used 83435K, committed 84864K, reserved 1130496K
  class space    used 9559K, committed 10176K, reserved 1048576K
}
Event: 131.758 GC heap after
{Heap after GC invocations=476 (full 20):
 PSYoungGen      total 31744K, used 3468K [0x00000000eab00000, 0x00000000ed480000, 0x0000000100000000)
  eden space 28160K, 0% used [0x00000000eab00000,0x00000000eab00000,0x00000000ec680000)
  from space 3584K, 96% used [0x00000000ed100000,0x00000000ed4632d8,0x00000000ed480000)
  to   space 4608K, 0% used [0x00000000ecb80000,0x00000000ecb80000,0x00000000ed000000)
 ParOldGen       total 290816K, used 212935K [0x00000000c0000000, 0x00000000d1c00000, 0x00000000eab00000)
  object space 290816K, 73% used [0x00000000c0000000,0x00000000ccff1de8,0x00000000d1c00000)
 Metaspace       used 83435K, committed 84864K, reserved 1130496K
  class space    used 9559K, committed 10176K, reserved 1048576K
}
Event: 132.268 GC heap before
{Heap before GC invocations=477 (full 20):
 PSYoungGen      total 31744K, used 31628K [0x00000000eab00000, 0x00000000ed480000, 0x0000000100000000)
  eden space 28160K, 100% used [0x00000000eab00000,0x00000000ec680000,0x00000000ec680000)
  from space 3584K, 96% used [0x00000000ed100000,0x00000000ed4632d8,0x00000000ed480000)
  to   space 4608K, 0% used [0x00000000ecb80000,0x00000000ecb80000,0x00000000ed000000)
 ParOldGen       total 290816K, used 212935K [0x00000000c0000000, 0x00000000d1c00000, 0x00000000eab00000)
  object space 290816K, 73% used [0x00000000c0000000,0x00000000ccff1de8,0x00000000d1c00000)
 Metaspace       used 85030K, committed 86400K, reserved 1130496K
  class space    used 9692K, committed 10304K, reserved 1048576K
}
Event: 132.276 GC heap after
{Heap after GC invocations=477 (full 20):
 PSYoungGen      total 34816K, used 4607K [0x00000000eab00000, 0x00000000ed880000, 0x0000000100000000)
  eden space 30208K, 0% used [0x00000000eab00000,0x00000000eab00000,0x00000000ec880000)
  from space 4608K, 99% used [0x00000000ecb80000,0x00000000ecfffd58,0x00000000ed000000)
  to   space 8192K, 0% used [0x00000000ed080000,0x00000000ed080000,0x00000000ed880000)
 ParOldGen       total 290816K, used 215492K [0x00000000c0000000, 0x00000000d1c00000, 0x00000000eab00000)
  object space 290816K, 74% used [0x00000000c0000000,0x00000000cd271038,0x00000000d1c00000)
 Metaspace       used 85030K, committed 86400K, reserved 1130496K
  class space    used 9692K, committed 10304K, reserved 1048576K
}
Event: 132.596 GC heap before
{Heap before GC invocations=478 (full 20):
 PSYoungGen      total 34816K, used 34815K [0x00000000eab00000, 0x00000000ed880000, 0x0000000100000000)
  eden space 30208K, 100% used [0x00000000eab00000,0x00000000ec880000,0x00000000ec880000)
  from space 4608K, 99% used [0x00000000ecb80000,0x00000000ecfffd58,0x00000000ed000000)
  to   space 8192K, 0% used [0x00000000ed080000,0x00000000ed080000,0x00000000ed880000)
 ParOldGen       total 290816K, used 215492K [0x00000000c0000000, 0x00000000d1c00000, 0x00000000eab00000)
  object space 290816K, 74% used [0x00000000c0000000,0x00000000cd271038,0x00000000d1c00000)
 Metaspace       used 85633K, committed 86976K, reserved 1130496K
  class space    used 9724K, committed 10304K, reserved 1048576K
}
Event: 132.608 GC heap after
{Heap after GC invocations=478 (full 20):
 PSYoungGen      total 39424K, used 6727K [0x00000000eab00000, 0x00000000ed880000, 0x0000000100000000)
  eden space 31232K, 0% used [0x00000000eab00000,0x00000000eab00000,0x00000000ec980000)
  from space 8192K, 82% used [0x00000000ed080000,0x00000000ed711c98,0x00000000ed880000)
  to   space 7168K, 0% used [0x00000000ec980000,0x00000000ec980000,0x00000000ed080000)
 ParOldGen       total 290816K, used 217409K [0x00000000c0000000, 0x00000000d1c00000, 0x00000000eab00000)
  object space 290816K, 74% used [0x00000000c0000000,0x00000000cd450780,0x00000000d1c00000)
 Metaspace       used 85633K, committed 86976K, reserved 1130496K
  class space    used 9724K, committed 10304K, reserved 1048576K
}
Event: 133.371 GC heap before
{Heap before GC invocations=479 (full 20):
 PSYoungGen      total 39424K, used 37959K [0x00000000eab00000, 0x00000000ed880000, 0x0000000100000000)
  eden space 31232K, 100% used [0x00000000eab00000,0x00000000ec980000,0x00000000ec980000)
  from space 8192K, 82% used [0x00000000ed080000,0x00000000ed711c98,0x00000000ed880000)
  to   space 7168K, 0% used [0x00000000ec980000,0x00000000ec980000,0x00000000ed080000)
 ParOldGen       total 290816K, used 217409K [0x00000000c0000000, 0x00000000d1c00000, 0x00000000eab00000)
  object space 290816K, 74% used [0x00000000c0000000,0x00000000cd450780,0x00000000d1c00000)
 Metaspace       used 87102K, committed 88512K, reserved 1130496K
  class space    used 9882K, committed 10496K, reserved 1048576K
}
Event: 133.380 GC heap after
{Heap after GC invocations=479 (full 20):
 PSYoungGen      total 38400K, used 7156K [0x00000000eab00000, 0x00000000ed880000, 0x0000000100000000)
  eden space 31232K, 0% used [0x00000000eab00000,0x00000000eab00000,0x00000000ec980000)
  from space 7168K, 99% used [0x00000000ec980000,0x00000000ed07d108,0x00000000ed080000)
  to   space 7680K, 0% used [0x00000000ed100000,0x00000000ed100000,0x00000000ed880000)
 ParOldGen       total 290816K, used 217678K [0x00000000c0000000, 0x00000000d1c00000, 0x00000000eab00000)
  object space 290816K, 74% used [0x00000000c0000000,0x00000000cd4939a8,0x00000000d1c00000)
 Metaspace       used 87102K, committed 88512K, reserved 1130496K
  class space    used 9882K, committed 10496K, reserved 1048576K
}
Event: 134.395 GC heap before
{Heap before GC invocations=480 (full 20):
 PSYoungGen      total 38400K, used 38374K [0x00000000eab00000, 0x00000000ed880000, 0x0000000100000000)
  eden space 31232K, 99% used [0x00000000eab00000,0x00000000ec97c998,0x00000000ec980000)
  from space 7168K, 99% used [0x00000000ec980000,0x00000000ed07d108,0x00000000ed080000)
  to   space 7680K, 0% used [0x00000000ed100000,0x00000000ed100000,0x00000000ed880000)
 ParOldGen       total 290816K, used 217678K [0x00000000c0000000, 0x00000000d1c00000, 0x00000000eab00000)
  object space 290816K, 74% used [0x00000000c0000000,0x00000000cd4939a8,0x00000000d1c00000)
 Metaspace       used 87212K, committed 88640K, reserved 1130496K
  class space    used 9885K, committed 10496K, reserved 1048576K
}
Event: 134.407 GC heap after
{Heap after GC invocations=480 (full 20):
 PSYoungGen      total 35328K, used 7659K [0x00000000eab00000, 0x00000000edf80000, 0x0000000100000000)
  eden space 27648K, 0% used [0x00000000eab00000,0x00000000eab00000,0x00000000ec600000)
  from space 7680K, 99% used [0x00000000ed100000,0x00000000ed87afb0,0x00000000ed880000)
  to   space 11264K, 0% used [0x00000000ec600000,0x00000000ec600000,0x00000000ed100000)
 ParOldGen       total 290816K, used 220392K [0x00000000c0000000, 0x00000000d1c00000, 0x00000000eab00000)
  object space 290816K, 75% used [0x00000000c0000000,0x00000000cd73a1f0,0x00000000d1c00000)
 Metaspace       used 87212K, committed 88640K, reserved 1130496K
  class space    used 9885K, committed 10496K, reserved 1048576K
}
Event: 134.862 GC heap before
{Heap before GC invocations=481 (full 20):
 PSYoungGen      total 35328K, used 35307K [0x00000000eab00000, 0x00000000edf80000, 0x0000000100000000)
  eden space 27648K, 100% used [0x00000000eab00000,0x00000000ec600000,0x00000000ec600000)
  from space 7680K, 99% used [0x00000000ed100000,0x00000000ed87afb0,0x00000000ed880000)
  to   space 11264K, 0% used [0x00000000ec600000,0x00000000ec600000,0x00000000ed100000)
 ParOldGen       total 290816K, used 220392K [0x00000000c0000000, 0x00000000d1c00000, 0x00000000eab00000)
  object space 290816K, 75% used [0x00000000c0000000,0x00000000cd73a1f0,0x00000000d1c00000)
 Metaspace       used 87212K, committed 88640K, reserved 1130496K
  class space    used 9885K, committed 10496K, reserved 1048576K
}
Event: 134.873 GC heap after
{Heap after GC invocations=481 (full 20):
 PSYoungGen      total 34816K, used 7020K [0x00000000eab00000, 0x00000000ed700000, 0x0000000100000000)
  eden space 27648K, 0% used [0x00000000eab00000,0x00000000eab00000,0x00000000ec600000)
  from space 7168K, 97% used [0x00000000ec600000,0x00000000eccdb1b0,0x00000000ecd00000)
  to   space 8704K, 0% used [0x00000000ece80000,0x00000000ece80000,0x00000000ed700000)
 ParOldGen       total 290816K, used 224760K [0x00000000c0000000, 0x00000000d1c00000, 0x00000000eab00000)
  object space 290816K, 77% used [0x00000000c0000000,0x00000000cdb7e378,0x00000000d1c00000)
 Metaspace       used 87212K, committed 88640K, reserved 1130496K
  class space    used 9885K, committed 10496K, reserved 1048576K
}
Event: 135.934 GC heap before
{Heap before GC invocations=482 (full 20):
 PSYoungGen      total 34816K, used 34668K [0x00000000eab00000, 0x00000000ed700000, 0x0000000100000000)
  eden space 27648K, 100% used [0x00000000eab00000,0x00000000ec600000,0x00000000ec600000)
  from space 7168K, 97% used [0x00000000ec600000,0x00000000eccdb1b0,0x00000000ecd00000)
  to   space 8704K, 0% used [0x00000000ece80000,0x00000000ece80000,0x00000000ed700000)
 ParOldGen       total 290816K, used 224760K [0x00000000c0000000, 0x00000000d1c00000, 0x00000000eab00000)
  object space 290816K, 77% used [0x00000000c0000000,0x00000000cdb7e378,0x00000000d1c00000)
 Metaspace       used 87282K, committed 88704K, reserved 1130496K
  class space    used 9891K, committed 10496K, reserved 1048576K
}
Event: 135.944 GC heap after
{Heap after GC invocations=482 (full 20):
 PSYoungGen      total 34304K, used 8702K [0x00000000eab00000, 0x00000000edb00000, 0x0000000100000000)
  eden space 25600K, 0% used [0x00000000eab00000,0x00000000eab00000,0x00000000ec400000)
  from space 8704K, 99% used [0x00000000ece80000,0x00000000ed6ffb10,0x00000000ed700000)
  to   space 10752K, 0% used [0x00000000ec400000,0x00000000ec400000,0x00000000ece80000)
 ParOldGen       total 290816K, used 225989K [0x00000000c0000000, 0x00000000d1c00000, 0x00000000eab00000)
  object space 290816K, 77% used [0x00000000c0000000,0x00000000cdcb14b8,0x00000000d1c00000)
 Metaspace       used 87282K, committed 88704K, reserved 1130496K
  class space    used 9891K, committed 10496K, reserved 1048576K
}
Event: 137.713 GC heap before
{Heap before GC invocations=483 (full 20):
 PSYoungGen      total 34304K, used 34302K [0x00000000eab00000, 0x00000000edb00000, 0x0000000100000000)
  eden space 25600K, 100% used [0x00000000eab00000,0x00000000ec400000,0x00000000ec400000)
  from space 8704K, 99% used [0x00000000ece80000,0x00000000ed6ffb10,0x00000000ed700000)
  to   space 10752K, 0% used [0x00000000ec400000,0x00000000ec400000,0x00000000ece80000)
 ParOldGen       total 290816K, used 225989K [0x00000000c0000000, 0x00000000d1c00000, 0x00000000eab00000)
  object space 290816K, 77% used [0x00000000c0000000,0x00000000cdcb14b8,0x00000000d1c00000)
 Metaspace       used 87348K, committed 88768K, reserved 1130496K
  class space    used 9900K, committed 10496K, reserved 1048576K
}
Event: 137.728 GC heap after
{Heap after GC invocations=483 (full 20):
 PSYoungGen      total 35328K, used 9385K [0x00000000eab00000, 0x00000000ed700000, 0x0000000100000000)
  eden space 25600K, 0% used [0x00000000eab00000,0x00000000eab00000,0x00000000ec400000)
  from space 9728K, 96% used [0x00000000ec400000,0x00000000ecd2a6e0,0x00000000ecd80000)
  to   space 9728K, 0% used [0x00000000ecd80000,0x00000000ecd80000,0x00000000ed700000)
 ParOldGen       total 290816K, used 231784K [0x00000000c0000000, 0x00000000d1c00000, 0x00000000eab00000)
  object space 290816K, 79% used [0x00000000c0000000,0x00000000ce25a190,0x00000000d1c00000)
 Metaspace       used 87348K, committed 88768K, reserved 1130496K
  class space    used 9900K, committed 10496K, reserved 1048576K
}
Event: 138.128 GC heap before
{Heap before GC invocations=484 (full 20):
 PSYoungGen      total 35328K, used 34985K [0x00000000eab00000, 0x00000000ed700000, 0x0000000100000000)
  eden space 25600K, 100% used [0x00000000eab00000,0x00000000ec400000,0x00000000ec400000)
  from space 9728K, 96% used [0x00000000ec400000,0x00000000ecd2a6e0,0x00000000ecd80000)
  to   space 9728K, 0% used [0x00000000ecd80000,0x00000000ecd80000,0x00000000ed700000)
 ParOldGen       total 290816K, used 231784K [0x00000000c0000000, 0x00000000d1c00000, 0x00000000eab00000)
  object space 290816K, 79% used [0x00000000c0000000,0x00000000ce25a190,0x00000000d1c00000)
 Metaspace       used 87348K, committed 88768K, reserved 1130496K
  class space    used 9900K, committed 10496K, reserved 1048576K
}
Event: 138.142 GC heap after
{Heap after GC invocations=484 (full 20):
 PSYoungGen      total 35328K, used 9638K [0x00000000eab00000, 0x00000000ed700000, 0x0000000100000000)
  eden space 25600K, 0% used [0x00000000eab00000,0x00000000eab00000,0x00000000ec400000)
  from space 9728K, 99% used [0x00000000ecd80000,0x00000000ed6e9a58,0x00000000ed700000)
  to   space 9728K, 0% used [0x00000000ec400000,0x00000000ec400000,0x00000000ecd80000)
 ParOldGen       total 290816K, used 235240K [0x00000000c0000000, 0x00000000d1c00000, 0x00000000eab00000)
  object space 290816K, 80% used [0x00000000c0000000,0x00000000ce5ba198,0x00000000d1c00000)
 Metaspace       used 87348K, committed 88768K, reserved 1130496K
  class space    used 9900K, committed 10496K, reserved 1048576K
}
Event: 138.909 GC heap before
{Heap before GC invocations=485 (full 20):
 PSYoungGen      total 35328K, used 35238K [0x00000000eab00000, 0x00000000ed700000, 0x0000000100000000)
  eden space 25600K, 100% used [0x00000000eab00000,0x00000000ec400000,0x00000000ec400000)
  from space 9728K, 99% used [0x00000000ecd80000,0x00000000ed6e9a58,0x00000000ed700000)
  to   space 9728K, 0% used [0x00000000ec400000,0x00000000ec400000,0x00000000ecd80000)
 ParOldGen       total 290816K, used 237147K [0x00000000c0000000, 0x00000000d1c00000, 0x00000000eab00000)
  object space 290816K, 81% used [0x00000000c0000000,0x00000000ce796d50,0x00000000d1c00000)
 Metaspace       used 87590K, committed 88960K, reserved 1130496K
  class space    used 9900K, committed 10496K, reserved 1048576K
}

