# JRE version: OpenJDK Runtime Environment Temurin-11.0.18+10 (11.0.18+10) (build 11.0.18+10)
# Java VM: OpenJDK 64-Bit Server VM Temurin-11.0.18+10 (11.0.18+10, mixed mode, tiered, compressed oops, g1 gc, windows-amd64)
Heap:
 garbage-first heap   total 173056K, used 41191K [0x0000000082800000, 0x0000000100000000)
  region size 1024K, 7 young (7168K), 6 survivors (6144K)
 Metaspace       used 19985K, capacity 20808K, committed 20992K, reserved 1067008K
  class space    used 2220K, capacity 2517K, committed 2560K, reserved 1048576K
GC Heap History (14 events):
Event: 0.513 GC heap before
{Heap before GC invocations=0 (full 0):
 garbage-first heap   total 129024K, used 13312K [0x0000000082800000, 0x0000000100000000)
  region size 1024K, 14 young (14336K), 0 survivors (0K)
 Metaspace       used 9883K, capacity 10176K, committed 10368K, reserved 1058816K
  class space    used 943K, capacity 1042K, committed 1152K, reserved 1048576K
}
Event: 0.518 GC heap after
{Heap after GC invocations=1 (full 0):
 garbage-first heap   total 129024K, used 4773K [0x0000000082800000, 0x0000000100000000)
  region size 1024K, 2 young (2048K), 2 survivors (2048K)
 Metaspace       used 9883K, capacity 10176K, committed 10368K, reserved 1058816K
  class space    used 943K, capacity 1042K, committed 1152K, reserved 1048576K
}
Event: 0.736 GC heap before
{Heap before GC invocations=1 (full 0):
 garbage-first heap   total 129024K, used 12965K [0x0000000082800000, 0x0000000100000000)
  region size 1024K, 9 young (9216K), 2 survivors (2048K)
 Metaspace       used 9884K, capacity 10176K, committed 10368K, reserved 1058816K
  class space    used 943K, capacity 1042K, committed 1152K, reserved 1048576K
}
Event: 0.743 GC heap after
{Heap after GC invocations=2 (full 0):
 garbage-first heap   total 129024K, used 12008K [0x0000000082800000, 0x0000000100000000)
  region size 1024K, 2 young (2048K), 2 survivors (2048K)
 Metaspace       used 9884K, capacity 10176K, committed 10368K, reserved 1058816K
  class space    used 943K, capacity 1042K, committed 1152K, reserved 1048576K
}
Event: 0.943 GC heap before
{Heap before GC invocations=2 (full 0):
 garbage-first heap   total 129024K, used 32488K [0x0000000082800000, 0x0000000100000000)
  region size 1024K, 20 young (20480K), 2 survivors (2048K)
 Metaspace       used 10704K, capacity 11090K, committed 11264K, reserved 1058816K
  class space    used 1016K, capacity 1155K, committed 1280K, reserved 1048576K
}
Event: 0.954 GC heap after
{Heap after GC invocations=3 (full 0):
 garbage-first heap   total 129024K, used 21504K [0x0000000082800000, 0x0000000100000000)
  region size 1024K, 3 young (3072K), 3 survivors (3072K)
 Metaspace       used 10704K, capacity 11090K, committed 11264K, reserved 1058816K
  class space    used 1016K, capacity 1155K, committed 1280K, reserved 1048576K
}
Event: 1.023 GC heap before
{Heap before GC invocations=3 (full 0):
 garbage-first heap   total 129024K, used 39936K [0x0000000082800000, 0x0000000100000000)
  region size 1024K, 21 young (21504K), 3 survivors (3072K)
 Metaspace       used 10704K, capacity 11090K, committed 11264K, reserved 1058816K
  class space    used 1016K, capacity 1155K, committed 1280K, reserved 1048576K
}
Event: 1.033 GC heap after
{Heap after GC invocations=4 (full 0):
 garbage-first heap   total 129024K, used 26323K [0x0000000082800000, 0x0000000100000000)
  region size 1024K, 3 young (3072K), 3 survivors (3072K)
 Metaspace       used 10704K, capacity 11090K, committed 11264K, reserved 1058816K
  class space    used 1016K, capacity 1155K, committed 1280K, reserved 1048576K
}
Event: 1.372 GC heap before
{Heap before GC invocations=4 (full 0):
 garbage-first heap   total 129024K, used 56019K [0x0000000082800000, 0x0000000100000000)
  region size 1024K, 32 young (32768K), 3 survivors (3072K)
 Metaspace       used 13199K, capacity 13690K, committed 13824K, reserved 1060864K
  class space    used 1301K, capacity 1513K, committed 1536K, reserved 1048576K
}
Event: 1.392 GC heap after
{Heap after GC invocations=5 (full 0):
 garbage-first heap   total 173056K, used 34426K [0x0000000082800000, 0x0000000100000000)
  region size 1024K, 4 young (4096K), 4 survivors (4096K)
 Metaspace       used 13199K, capacity 13690K, committed 13824K, reserved 1060864K
  class space    used 1301K, capacity 1513K, committed 1536K, reserved 1048576K
}
Event: 1.920 GC heap before
{Heap before GC invocations=5 (full 0):
 garbage-first heap   total 173056K, used 71290K [0x0000000082800000, 0x0000000100000000)
  region size 1024K, 40 young (40960K), 4 survivors (4096K)
 Metaspace       used 18455K, capacity 19222K, committed 19456K, reserved 1067008K
  class space    used 1968K, capacity 2242K, committed 2304K, reserved 1048576K
}
Event: 1.931 GC heap after
{Heap after GC invocations=6 (full 0):
 garbage-first heap   total 173056K, used 38608K [0x0000000082800000, 0x0000000100000000)
  region size 1024K, 4 young (4096K), 4 survivors (4096K)
 Metaspace       used 18455K, capacity 19222K, committed 19456K, reserved 1067008K
  class space    used 1968K, capacity 2242K, committed 2304K, reserved 1048576K
}
Event: 2.126 GC heap before
{Heap before GC invocations=6 (full 0):
 garbage-first heap   total 173056K, used 88784K [0x0000000082800000, 0x0000000100000000)
  region size 1024K, 53 young (54272K), 4 survivors (4096K)
 Metaspace       used 19985K, capacity 20808K, committed 20992K, reserved 1067008K
  class space    used 2220K, capacity 2517K, committed 2560K, reserved 1048576K
}
Event: 2.134 GC heap after
{Heap after GC invocations=7 (full 0):
 garbage-first heap   total 173056K, used 41191K [0x0000000082800000, 0x0000000100000000)
  region size 1024K, 6 young (6144K), 6 survivors (6144K)
 Metaspace       used 19985K, capacity 20808K, committed 20992K, reserved 1067008K
  class space    used 2220K, capacity 2517K, committed 2560K, reserved 1048576K
}

