# JRE version: OpenJDK Runtime Environment Temurin-11.0.18+10 (11.0.18+10) (build 11.0.18+10)
# Java VM: OpenJDK 64-Bit Server VM Temurin-11.0.18+10 (11.0.18+10, mixed mode, tiered, compressed oops, g1 gc, windows-amd64)
Heap:
 garbage-first heap   total 238592K, used 78066K [0x0000000082800000, 0x0000000100000000)
  region size 1024K, 8 young (8192K), 8 survivors (8192K)
 Metaspace       used 83342K, capacity 86338K, committed 86536K, reserved 1136640K
  class space    used 10687K, capacity 11845K, committed 11976K, reserved 1048576K
GC Heap History (20 events):
Event: 8.309 GC heap before
{Heap before GC invocations=9 (full 0):
 garbage-first heap   total 155648K, used 94230K [0x0000000082800000, 0x0000000100000000)
  region size 1024K, 57 young (58368K), 5 survivors (5120K)
 Metaspace       used 25468K, capacity 26415K, committed 26568K, reserved 1073152K
  class space    used 2904K, capacity 3296K, committed 3324K, reserved 1048576K
}
Event: 8.341 GC heap after
{Heap after GC invocations=10 (full 0):
 garbage-first heap   total 155648K, used 45099K [0x0000000082800000, 0x0000000100000000)
  region size 1024K, 8 young (8192K), 8 survivors (8192K)
 Metaspace       used 25468K, capacity 26415K, committed 26568K, reserved 1073152K
  class space    used 2904K, capacity 3296K, committed 3324K, reserved 1048576K
}
Event: 9.697 GC heap before
{Heap before GC invocations=11 (full 0):
 garbage-first heap   total 155648K, used 111659K [0x0000000082800000, 0x0000000100000000)
  region size 1024K, 74 young (75776K), 8 survivors (8192K)
 Metaspace       used 31361K, capacity 32777K, committed 32968K, reserved 1077248K
  class space    used 3620K, capacity 4202K, committed 4348K, reserved 1048576K
}
Event: 9.730 GC heap after
{Heap after GC invocations=12 (full 0):
 garbage-first heap   total 187392K, used 48148K [0x0000000082800000, 0x0000000100000000)
  region size 1024K, 8 young (8192K), 8 survivors (8192K)
 Metaspace       used 31361K, capacity 32777K, committed 32968K, reserved 1077248K
  class space    used 3620K, capacity 4202K, committed 4348K, reserved 1048576K
}
Event: 10.644 GC heap before
{Heap before GC invocations=12 (full 0):
 garbage-first heap   total 187392K, used 133140K [0x0000000082800000, 0x0000000100000000)
  region size 1024K, 92 young (94208K), 8 survivors (8192K)
 Metaspace       used 35592K, capacity 37600K, committed 37832K, reserved 1081344K
  class space    used 4296K, capacity 5080K, committed 5116K, reserved 1048576K
}
Event: 10.686 GC heap after
{Heap after GC invocations=13 (full 0):
 garbage-first heap   total 187392K, used 59616K [0x0000000082800000, 0x0000000100000000)
  region size 1024K, 12 young (12288K), 12 survivors (12288K)
 Metaspace       used 35592K, capacity 37600K, committed 37832K, reserved 1081344K
  class space    used 4296K, capacity 5080K, committed 5116K, reserved 1048576K
}
Event: 11.909 GC heap before
{Heap before GC invocations=13 (full 0):
 garbage-first heap   total 187392K, used 136416K [0x0000000082800000, 0x0000000100000000)
  region size 1024K, 88 young (90112K), 12 survivors (12288K)
 Metaspace       used 41961K, capacity 44428K, committed 44616K, reserved 1087488K
  class space    used 5409K, capacity 6377K, committed 6524K, reserved 1048576K
}
Event: 11.948 GC heap after
{Heap after GC invocations=14 (full 0):
 garbage-first heap   total 187392K, used 63813K [0x0000000082800000, 0x0000000100000000)
  region size 1024K, 5 young (5120K), 5 survivors (5120K)
 Metaspace       used 41961K, capacity 44428K, committed 44616K, reserved 1087488K
  class space    used 5409K, capacity 6377K, committed 6524K, reserved 1048576K
}
Event: 11.975 GC heap before
{Heap before GC invocations=14 (full 0):
 garbage-first heap   total 187392K, used 66885K [0x0000000082800000, 0x0000000100000000)
  region size 1024K, 10 young (10240K), 5 survivors (5120K)
 Metaspace       used 42038K, capacity 44428K, committed 44616K, reserved 1087488K
  class space    used 5418K, capacity 6377K, committed 6524K, reserved 1048576K
}
Event: 11.988 GC heap after
{Heap after GC invocations=15 (full 0):
 garbage-first heap   total 187392K, used 63573K [0x0000000082800000, 0x0000000100000000)
  region size 1024K, 5 young (5120K), 5 survivors (5120K)
 Metaspace       used 42038K, capacity 44428K, committed 44616K, reserved 1087488K
  class space    used 5418K, capacity 6377K, committed 6524K, reserved 1048576K
}
Event: 15.859 GC heap before
{Heap before GC invocations=16 (full 0):
 garbage-first heap   total 187392K, used 131157K [0x0000000082800000, 0x0000000100000000)
  region size 1024K, 75 young (76800K), 5 survivors (5120K)
 Metaspace       used 47565K, capacity 49930K, committed 50288K, reserved 1093632K
  class space    used 6123K, capacity 7064K, committed 7164K, reserved 1048576K
}
Event: 15.878 GC heap after
{Heap after GC invocations=17 (full 0):
 garbage-first heap   total 238592K, used 62277K [0x0000000082800000, 0x0000000100000000)
  region size 1024K, 6 young (6144K), 6 survivors (6144K)
 Metaspace       used 47565K, capacity 49930K, committed 50288K, reserved 1093632K
  class space    used 6123K, capacity 7064K, committed 7164K, reserved 1048576K
}
Event: 15.994 GC heap before
{Heap before GC invocations=17 (full 0):
 garbage-first heap   total 238592K, used 67397K [0x0000000082800000, 0x0000000100000000)
  region size 1024K, 11 young (11264K), 6 survivors (6144K)
 Metaspace       used 47641K, capacity 50065K, committed 50288K, reserved 1093632K
  class space    used 6137K, capacity 7105K, committed 7164K, reserved 1048576K
}
Event: 16.011 GC heap after
{Heap after GC invocations=18 (full 0):
 garbage-first heap   total 238592K, used 63741K [0x0000000082800000, 0x0000000100000000)
  region size 1024K, 2 young (2048K), 2 survivors (2048K)
 Metaspace       used 47641K, capacity 50065K, committed 50288K, reserved 1093632K
  class space    used 6137K, capacity 7105K, committed 7164K, reserved 1048576K
}
Event: 18.531 GC heap before
{Heap before GC invocations=18 (full 0):
 garbage-first heap   total 238592K, used 162045K [0x0000000082800000, 0x0000000100000000)
  region size 1024K, 99 young (101376K), 2 survivors (2048K)
 Metaspace       used 60009K, capacity 62783K, committed 63088K, reserved 1103872K
  class space    used 7803K, capacity 8833K, committed 8956K, reserved 1048576K
}
Event: 18.553 GC heap after
{Heap after GC invocations=19 (full 0):
 garbage-first heap   total 238592K, used 71051K [0x0000000082800000, 0x0000000100000000)
  region size 1024K, 9 young (9216K), 9 survivors (9216K)
 Metaspace       used 60009K, capacity 62783K, committed 63088K, reserved 1103872K
  class space    used 7803K, capacity 8833K, committed 8956K, reserved 1048576K
}
Event: 21.114 GC heap before
{Heap before GC invocations=19 (full 0):
 garbage-first heap   total 238592K, used 133515K [0x0000000082800000, 0x0000000100000000)
  region size 1024K, 72 young (73728K), 9 survivors (9216K)
 Metaspace       used 72078K, capacity 74968K, committed 75068K, reserved 1114112K
  class space    used 9312K, capacity 10436K, committed 10492K, reserved 1048576K
}
Event: 21.146 GC heap after
{Heap after GC invocations=20 (full 0):
 garbage-first heap   total 238592K, used 74627K [0x0000000082800000, 0x0000000100000000)
  region size 1024K, 4 young (4096K), 4 survivors (4096K)
 Metaspace       used 72078K, capacity 74968K, committed 75068K, reserved 1114112K
  class space    used 9312K, capacity 10436K, committed 10492K, reserved 1048576K
}
Event: 33.441 GC heap before
{Heap before GC invocations=21 (full 0):
 garbage-first heap   total 238592K, used 138115K [0x0000000082800000, 0x0000000100000000)
  region size 1024K, 68 young (69632K), 4 survivors (4096K)
 Metaspace       used 83342K, capacity 86338K, committed 86536K, reserved 1134592K
  class space    used 10687K, capacity 11845K, committed 11976K, reserved 1048576K
}
Event: 33.465 GC heap after
{Heap after GC invocations=22 (full 0):
 garbage-first heap   total 238592K, used 78066K [0x0000000082800000, 0x0000000100000000)
  region size 1024K, 8 young (8192K), 8 survivors (8192K)
 Metaspace       used 83342K, capacity 86338K, committed 86536K, reserved 1134592K
  class space    used 10687K, capacity 11845K, committed 11976K, reserved 1048576K
}

